<?xml version="1.0" encoding="UTF-8"?>
<testng-results ignored="0" total="1" passed="1" failed="0" skipped="0">
  <reporter-output>
  </reporter-output>
  <suite started-at="2022-06-24T17:54:33 IST" name="Default suite" finished-at="2022-06-24T17:57:52 IST" duration-ms="198376">
    <groups>
    </groups>
    <test started-at="2022-06-24T17:54:33 IST" name="Default test" finished-at="2022-06-24T17:57:52 IST" duration-ms="198376">
      <class name="testcase.maven.amazon_automation_testing">
        <test-method is-config="true" signature="launch()[pri:0, instance:testcase.maven.amazon_automation_testing@58695725]" started-at="2022-06-24T17:54:33 IST" name="launch" finished-at="2022-06-24T17:56:51 IST" duration-ms="138172" status="PASS">
          <reporter-output>
          </reporter-output>
        </test-method> <!-- launch -->
        <test-method signature="site()[pri:0, instance:testcase.maven.amazon_automation_testing@58695725]" started-at="2022-06-24T17:56:51 IST" name="site" finished-at="2022-06-24T17:57:51 IST" duration-ms="59390" status="PASS">
          <reporter-output>
          </reporter-output>
        </test-method> <!-- site -->
        <test-method is-config="true" signature="close()[pri:0, instance:testcase.maven.amazon_automation_testing@58695725]" started-at="2022-06-24T17:57:51 IST" name="close" finished-at="2022-06-24T17:57:52 IST" duration-ms="705" status="PASS">
          <reporter-output>
          </reporter-output>
        </test-method> <!-- close -->
      </class> <!-- testcase.maven.amazon_automation_testing -->
    </test> <!-- Default test -->
  </suite> <!-- Default suite -->
</testng-results>
